2024-06-20T12:36:15+00:00 DEBUG POST: https://ads.tiktok.com/marketing_api/api/developer/app/create_auto_approve/

{"business_platform":"PROD","smb_id":"tt4b_woocommerce_6674223f67e5chttplocalhostwordpresswp-admin","smb_name":"PROD","redirect_url":"http:\/\/localhost\/wordpress\/wp-admin\/"}
 ajax: no
2024-06-20T12:36:15+00:00 DEBUG Tt4b_Mapi_Class::create_open_source_app: Response: 

HTTP/1.1 200 OK
Content-Type: application/json
X-Tt-Logid: 2024062012361518DAF1EBD21AAD024698,2024062012361518DAF1EBD21AAD024698
Strict-Transport-Security: max-age=31536000; includeSubDomains
x-tt-trace-host: 017d823276481948767c58112362fe4f515c0cb0e5f90772ffaba5b149294b89c3412ab919b66933ac9f0169a4d8834c2bebca0d51de74975c257ee4095601743f3b1ae63042b5a31f98966aacb859328cd56bf522d912054e2d19cc246e158712a3d30d78b62319982e19d101c5a5a704
x-tt-trace-id: 00-24062012361518DAF1EBD21AAD024698-6E008E0E5E33145A-00
Server: TLB
Content-Encoding: gzip
Content-Length: 208
X-Origin-Response-Time: 153,23.32.20.216
X-Akamai-Request-ID: 24188807.9a2504b7
Date: Thu, 20 Jun 2024 12:36:17 GMT
X-Cache: TCP_MISS from a113-171-12-182.deploy.akamaitechnologies.com (AkamaiGHost/11.5.2-56372494) (-)
Connection: close
Vary: Accept-Encoding
X-Cache-Remote: TCP_MISS from a23-32-20-216.deploy.akamaitechnologies.com (AkamaiGHost/11.5.2-56372494) (-)
x-tt-trace-tag: id=16;cdn-cache=miss;type=dyn
Server-Timing: cdn-cache; desc=MISS, edge; dur=32, origin; dur=153
Server-Timing: inner; dur=103
X-Parent-Response-Time: 183,113.171.12.182

{"code":0,"msg":"ok","data":{"app_secret":"739c35f48899c0fa39ae24a0cf97ad6f612a2441","external_data_key":"6fa50794-0e42-4869-9203-31a48dd6dabc","redirect_uri":"http:\/\/localhost\/wordpress\/wp-admin\/","app_id":"7382563351613669394"}}

2024-06-20T13:09:34+00:00 DEBUG Tt4b_Pixel_Class::inject_view_content_event: hit ViewContent
2024-06-20T13:09:34+00:00 DEBUG Tt4b_Pixel_Class::inject_view_content_event: Missing option "access_token"
